{"numTotalTestSuites":158,"numPassedTestSuites":158,"numFailedTestSuites":0,"numPendingTestSuites":0,"numTotalTests":408,"numPassedTests":408,"numFailedTests":0,"numPendingTests":0,"numTodoTests":0,"snapshot":{"added":0,"failure":false,"filesAdded":0,"filesRemoved":0,"filesRemovedList":[],"filesUnmatched":0,"filesUpdated":0,"matched":0,"total":0,"unchecked":0,"uncheckedKeysByFile":[],"unmatched":0,"updated":0,"didUpdate":false},"startTime":1787261015873,"success":true,"testResults":[{"assertionResults":[{"ancestorTitles":["Main Process Lifecycle (Tray Integration)","Window Close Behavior"],"fullName":"Main Process Lifecycle (Tray Integration) Window Close Behavior should prevent window close event and hide window instead","status":"passed","title":"should prevent window close event and hide window instead","duration":5.221099999999751,"failureMessages":[],"meta":{}},{"ancestorTitles":["Main Process Lifecycle (Tray Integration)","Window Minimize Behavior"],"fullName":"Main Process Lifecycle (Tray Integration) Window Minimize Behavior should minimize window via tray","status":"passed","title":"should minimize window via tray","duration":9.494300000000294,"failureMessages":[],"meta":{}},{"ancestorTitles":["Main Process Lifecycle (Tray Integration)","App Lifecycle"],"fullName":"Main Process Lifecycle (Tray Integration) App Lifecycle should prevent window-all-closed from quitting on Windows","status":"passed","title":"should prevent window-all-closed from quitting on Windows","duration":1.1390000000001237,"failureMessages":[],"meta":{}},{"ancestorTitles":["Main Process Lifecycle (Tray Integration)","App Lifecycle"],"fullName":"Main Process Lifecycle (Tray Integration) App Lifecycle should destroy tray on before-quit event","status":"passed","title":"should destroy tray on before-quit event","duration":1.7121999999999389,"failureMessages":[],"meta":{}},{"ancestorTitles":["Main Process Lifecycle (Tray Integration)","Integration: Download Continues While Hidden"],"fullName":"Main Process Lifecycle (Tray Integration) Integration: Download Continues While Hidden should not terminate download service when window is hidden","status":"passed","title":"should not terminate download service when window is hidden","duration":1.3713999999999942,"failureMessages":[],"meta":{}},{"ancestorTitles":["Main Process Lifecycle (Tray Integration)","Integration: Download Continues While Hidden"],"fullName":"Main Process Lifecycle (Tray Integration) Integration: Download Continues While Hidden should not terminate scheduler when window is hidden","status":"passed","title":"should not terminate scheduler when window is hidden","duration":0.9683999999997468,"failureMessages":[],"meta":{}},{"ancestorTitles":["Main Process Lifecycle (Tray Integration)","Integration: Download Continues While Hidden"],"fullName":"Main Process Lifecycle (Tray Integration) Integration: Download Continues While Hidden should maintain IPC handlers while window is hidden","status":"passed","title":"should maintain IPC handlers while window is hidden","duration":0.7962999999999738,"failureMessages":[],"meta":{}},{"ancestorTitles":["Main Process Lifecycle (Tray Integration)","Tray Creation"],"fullName":"Main Process Lifecycle (Tray Integration) Tray Creation should create tray after window is created on app ready","status":"passed","title":"should create tray after window is created on app ready","duration":2.9506000000001222,"failureMessages":[],"meta":{}},{"ancestorTitles":["Main Process Lifecycle (Tray Integration)","Tray Creation"],"fullName":"Main Process Lifecycle (Tray Integration) Tray Creation should restore window on app activate if mainWindow is hidden","status":"passed","title":"should restore window on app activate if mainWindow is hidden","duration":1.6787999999996828,"failureMessages":[],"meta":{}},{"ancestorTitles":["Main Process Lifecycle (Tray Integration)","No Duplicate Tray Instances"],"fullName":"Main Process Lifecycle (Tray Integration) No Duplicate Tray Instances should not create duplicate tray even if app ready is called twice","status":"passed","title":"should not create duplicate tray even if app ready is called twice","duration":1.1226999999998952,"failureMessages":[],"meta":{}},{"ancestorTitles":["Main Process Lifecycle (Tray Integration)","Quit Behavior"],"fullName":"Main Process Lifecycle (Tray Integration) Quit Behavior when Quit is selected from tray, app should call app.quit()","status":"passed","title":"when Quit is selected from tray, app should call app.quit()","duration":0.7786999999998443,"failureMessages":[],"meta":{}},{"ancestorTitles":["Main Process Lifecycle (Tray Integration)","Quit Behavior"],"fullName":"Main Process Lifecycle (Tray Integration) Quit Behavior should destroy tray before quitting","status":"passed","title":"should destroy tray before quitting","duration":0.7343000000000757,"failureMessages":[],"meta":{}}],"startTime":1787261047597,"endTime":1787261047627.7344,"status":"passed","message":"","name":"D:/Remon-Download/electron/main.test.ts"},{"assertionResults":[{"ancestorTitles":["SchedulerBackgroundLoop"],"fullName":"SchedulerBackgroundLoop starts with Electron Main Process and executes a due scheduled task","status":"passed","title":"starts with Electron Main Process and executes a due scheduled task","duration":74.89180000000033,"failureMessages":[],"meta":{}},{"ancestorTitles":["SchedulerBackgroundLoop"],"fullName":"SchedulerBackgroundLoop prevents duplicate execution of the same scheduled task","status":"passed","title":"prevents duplicate execution of the same scheduled task","duration":1108.8423999999995,"failureMessages":[],"meta":{}},{"ancestorTitles":["SchedulerBackgroundLoop"],"fullName":"SchedulerBackgroundLoop starts one native download for every scheduled playlist video","status":"passed","title":"starts one native download for every scheduled playlist video","duration":4.762400000000525,"failureMessages":[],"meta":{}},{"ancestorTitles":["SchedulerBackgroundLoop"],"fullName":"SchedulerBackgroundLoop queues remaining scheduled playlist videos when the concurrent limit is one","status":"passed","title":"queues remaining scheduled playlist videos when the concurrent limit is one","duration":5.318400000000111,"failureMessages":[],"meta":{}},{"ancestorTitles":["SchedulerBackgroundLoop"],"fullName":"SchedulerBackgroundLoop works without a SchedulerPage and can be stopped cleanly","status":"passed","title":"works without a SchedulerPage and can be stopped cleanly","duration":5.751800000000003,"failureMessages":[],"meta":{}}],"startTime":1787261043741,"endTime":1787261044940.7517,"status":"passed","message":"","name":"D:/Remon-Download/electron/schedulerBackground.test.ts"},{"assertionResults":[{"ancestorTitles":["Tray Module","createTray"],"fullName":"Tray Module createTray should create a new tray instance","status":"passed","title":"should create a new tray instance","duration":10.667600000000675,"failureMessages":[],"meta":{}},{"ancestorTitles":["Tray Module","createTray"],"fullName":"Tray Module createTray should not create duplicate tray instances","status":"passed","title":"should not create duplicate tray instances","duration":3.578299999999217,"failureMessages":[],"meta":{}},{"ancestorTitles":["Tray Module","createTray"],"fullName":"Tray Module createTray should set up context menu with Show/Hide/Quit options","status":"passed","title":"should set up context menu with Show/Hide/Quit options","duration":5.254100000000108,"failureMessages":[],"meta":{}},{"ancestorTitles":["Tray Module","createTray"],"fullName":"Tray Module createTray should set up click handler for tray icon","status":"passed","title":"should set up click handler for tray icon","duration":10.361000000000786,"failureMessages":[],"meta":{}},{"ancestorTitles":["Tray Module","createTray"],"fullName":"Tray Module createTray should handle left click to show and focus window","status":"passed","title":"should handle left click to show and focus window","duration":2.453599999999824,"failureMessages":[],"meta":{}},{"ancestorTitles":["Tray Module","showWindow"],"fullName":"Tray Module showWindow should show the window","status":"passed","title":"should show the window","duration":2.014299999999821,"failureMessages":[],"meta":{}},{"ancestorTitles":["Tray Module","showWindow"],"fullName":"Tray Module showWindow should focus the window","status":"passed","title":"should focus the window","duration":1.8899000000001251,"failureMessages":[],"meta":{}},{"ancestorTitles":["Tray Module","showWindow"],"fullName":"Tray Module showWindow should restore window if minimized","status":"passed","title":"should restore window if minimized","duration":7.4570999999996275,"failureMessages":[],"meta":{}},{"ancestorTitles":["Tray Module","showWindow"],"fullName":"Tray Module showWindow should not restore window if not minimized","status":"passed","title":"should not restore window if not minimized","duration":2.4927999999999884,"failureMessages":[],"meta":{}},{"ancestorTitles":["Tray Module","showWindow"],"fullName":"Tray Module showWindow should handle null window gracefully","status":"passed","title":"should handle null window gracefully","duration":3.9921999999996842,"failureMessages":[],"meta":{}},{"ancestorTitles":["Tray Module","hideWindow"],"fullName":"Tray Module hideWindow should hide the window","status":"passed","title":"should hide the window","duration":2.449999999999818,"failureMessages":[],"meta":{}},{"ancestorTitles":["Tray Module","hideWindow"],"fullName":"Tray Module hideWindow should handle null window gracefully","status":"passed","title":"should handle null window gracefully","duration":14.452299999999923,"failureMessages":[],"meta":{}},{"ancestorTitles":["Tray Module","minimizeToTray"],"fullName":"Tray Module minimizeToTray should hide the window (equivalent to minimizeToTray)","status":"passed","title":"should hide the window (equivalent to minimizeToTray)","duration":9.845299999999952,"failureMessages":[],"meta":{}},{"ancestorTitles":["Tray Module","quitApplication"],"fullName":"Tray Module quitApplication should call app.quit()","status":"passed","title":"should call app.quit()","duration":1.8179000000000087,"failureMessages":[],"meta":{}},{"ancestorTitles":["Tray Module","destroyTray"],"fullName":"Tray Module destroyTray should destroy the tray instance","status":"passed","title":"should destroy the tray instance","duration":1.9832000000005792,"failureMessages":[],"meta":{}},{"ancestorTitles":["Tray Module","destroyTray"],"fullName":"Tray Module destroyTray should handle destroy when tray is null","status":"passed","title":"should handle destroy when tray is null","duration":1.8845000000001164,"failureMessages":[],"meta":{}},{"ancestorTitles":["Tray Module","hasTray"],"fullName":"Tray Module hasTray should return false when tray doesn't exist","status":"passed","title":"should return false when tray doesn't exist","duration":1.7033000000001266,"failureMessages":[],"meta":{}},{"ancestorTitles":["Tray Module","hasTray"],"fullName":"Tray Module hasTray should return true when tray exists","status":"passed","title":"should return true when tray exists","duration":7.381100000000515,"failureMessages":[],"meta":{}},{"ancestorTitles":["Tray Module","getTray"],"fullName":"Tray Module getTray should return null when tray doesn't exist","status":"passed","title":"should return null when tray doesn't exist","duration":1.3885999999993146,"failureMessages":[],"meta":{}},{"ancestorTitles":["Tray Module","getTray"],"fullName":"Tray Module getTray should return tray instance when tray exists","status":"passed","title":"should return tray instance when tray exists","duration":2.0672999999997046,"failureMessages":[],"meta":{}},{"ancestorTitles":["Tray Module","Context Menu Callbacks"],"fullName":"Tray Module Context Menu Callbacks Show button should call showWindow","status":"passed","title":"Show button should call showWindow","duration":2.4099999999998545,"failureMessages":[],"meta":{}},{"ancestorTitles":["Tray Module","Context Menu Callbacks"],"fullName":"Tray Module Context Menu Callbacks Hide button should call hideWindow","status":"passed","title":"Hide button should call hideWindow","duration":2.296400000000176,"failureMessages":[],"meta":{}},{"ancestorTitles":["Tray Module","Context Menu Callbacks"],"fullName":"Tray Module Context Menu Callbacks Quit button should call quitApplication","status":"passed","title":"Quit button should call quitApplication","duration":5.26299999999992,"failureMessages":[],"meta":{}}],"startTime":1787261039027,"endTime":1787261039135.263,"status":"passed","message":"","name":"D:/Remon-Download/electron/tray.test.ts"},{"assertionResults":[{"ancestorTitles":["Download IPC Integration","IPC channel contract"],"fullName":"Download IPC Integration IPC channel contract should use correct channel for DOWNLOAD_GET_ALL","status":"passed","title":"should use correct channel for DOWNLOAD_GET_ALL","duration":8.079099999999926,"failureMessages":[],"meta":{}},{"ancestorTitles":["Download IPC Integration","IPC channel contract"],"fullName":"Download IPC Integration IPC channel contract should use correct channel for DOWNLOAD_ADD","status":"passed","title":"should use correct channel for DOWNLOAD_ADD","duration":0.988100000000486,"failureMessages":[],"meta":{}},{"ancestorTitles":["Download IPC Integration","IPC channel contract"],"fullName":"Download IPC Integration IPC channel contract should use correct channel for DOWNLOAD_START","status":"passed","title":"should use correct channel for DOWNLOAD_START","duration":0.7509000000000015,"failureMessages":[],"meta":{}},{"ancestorTitles":["Download IPC Integration","IPC channel contract"],"fullName":"Download IPC Integration IPC channel contract should use correct channel for DOWNLOAD_PAUSE","status":"passed","title":"should use correct channel for DOWNLOAD_PAUSE","duration":0.6098000000001775,"failureMessages":[],"meta":{}},{"ancestorTitles":["Download IPC Integration","IPC channel contract"],"fullName":"Download IPC Integration IPC channel contract should use correct channel for DOWNLOAD_RESUME","status":"passed","title":"should use correct channel for DOWNLOAD_RESUME","duration":0.6234000000004016,"failureMessages":[],"meta":{}},{"ancestorTitles":["Download IPC Integration","IPC channel contract"],"fullName":"Download IPC Integration IPC channel contract should use correct channel for DOWNLOAD_CANCEL","status":"passed","title":"should use correct channel for DOWNLOAD_CANCEL","duration":0.5842000000002372,"failureMessages":[],"meta":{}},{"ancestorTitles":["Download IPC Integration","IPC channel contract"],"fullName":"Download IPC Integration IPC channel contract should use correct channel for DOWNLOAD_RETRY","status":"passed","title":"should use correct channel for DOWNLOAD_RETRY","duration":0.5843000000004395,"failureMessages":[],"meta":{}},{"ancestorTitles":["Download IPC Integration","IPC channel contract"],"fullName":"Download IPC Integration IPC channel contract should use correct channel for DOWNLOAD_REMOVE","status":"passed","title":"should use correct channel for DOWNLOAD_REMOVE","duration":0.5508999999992739,"failureMessages":[],"meta":{}},{"ancestorTitles":["Download IPC Integration","IPC channel contract"],"fullName":"Download IPC Integration IPC channel contract should use correct event channel for DOWNLOAD_PROGRESS","status":"passed","title":"should use correct event channel for DOWNLOAD_PROGRESS","duration":0.5797000000002299,"failureMessages":[],"meta":{}},{"ancestorTitles":["Download IPC Integration","IPC channel contract"],"fullName":"Download IPC Integration IPC channel contract should use correct event channel for DOWNLOAD_STATE_CHANGE","status":"passed","title":"should use correct event channel for DOWNLOAD_STATE_CHANGE","duration":0.6012000000000626,"failureMessages":[],"meta":{}},{"ancestorTitles":["Download IPC Integration","IPC handler responses"],"fullName":"Download IPC Integration IPC handler responses should return IpcResult envelope on success","status":"passed","title":"should return IpcResult envelope on success","duration":5.162299999999959,"failureMessages":[],"meta":{}},{"ancestorTitles":["Download IPC Integration","IPC handler responses"],"fullName":"Download IPC Integration IPC handler responses should return error envelope on failure","status":"passed","title":"should return error envelope on failure","duration":2.618399999999383,"failureMessages":[],"meta":{}},{"ancestorTitles":["Download IPC Integration","download operations via IPC"],"fullName":"Download IPC Integration download operations via IPC should add download item via IPC","status":"passed","title":"should add download item via IPC","duration":0.9052999999994427,"failureMessages":[],"meta":{}},{"ancestorTitles":["Download IPC Integration","download operations via IPC"],"fullName":"Download IPC Integration download operations via IPC should get all downloads via IPC","status":"passed","title":"should get all downloads via IPC","duration":3.4309999999995853,"failureMessages":[],"meta":{}},{"ancestorTitles":["Download IPC Integration","download operations via IPC"],"fullName":"Download IPC Integration download operations via IPC should start download via IPC","status":"passed","title":"should start download via IPC","duration":72.46919999999955,"failureMessages":[],"meta":{}},{"ancestorTitles":["Download IPC Integration","download operations via IPC"],"fullName":"Download IPC Integration download operations via IPC should pause download via IPC","status":"passed","title":"should pause download via IPC","duration":47.29179999999997,"failureMessages":[],"meta":{}},{"ancestorTitles":["Download IPC Integration","download operations via IPC"],"fullName":"Download IPC Integration download operations via IPC should resume download via IPC","status":"passed","title":"should resume download via IPC","duration":16.0634,"failureMessages":[],"meta":{}},{"ancestorTitles":["Download IPC Integration","download operations via IPC"],"fullName":"Download IPC Integration download operations via IPC should cancel download via IPC","status":"passed","title":"should cancel download via IPC","duration":46.440700000000106,"failureMessages":[],"meta":{}},{"ancestorTitles":["Download IPC Integration","download operations via IPC"],"fullName":"Download IPC Integration download operations via IPC should retry download via IPC","status":"passed","title":"should retry download via IPC","duration":1.604099999999562,"failureMessages":[],"meta":{}},{"ancestorTitles":["Download IPC Integration","download operations via IPC"],"fullName":"Download IPC Integration download operations via IPC should remove download via IPC","status":"passed","title":"should remove download via IPC","duration":1.395499999999629,"failureMessages":[],"meta":{}},{"ancestorTitles":["Download IPC Integration","download operations via IPC"],"fullName":"Download IPC Integration download operations via IPC should reorder downloads via IPC","status":"passed","title":"should reorder downloads via IPC","duration":1.5534999999999854,"failureMessages":[],"meta":{}},{"ancestorTitles":["Download IPC Integration","error propagation through IPC"],"fullName":"Download IPC Integration error propagation through IPC should propagate item not found error","status":"passed","title":"should propagate item not found error","duration":0.9480999999996129,"failureMessages":[],"meta":{}},{"ancestorTitles":["Download IPC Integration","error propagation through IPC"],"fullName":"Download IPC Integration error propagation through IPC should propagate concurrent limit error","status":"passed","title":"should propagate concurrent limit error","duration":181.59600000000046,"failureMessages":[],"meta":{}},{"ancestorTitles":["Download IPC Integration","error propagation through IPC"],"fullName":"Download IPC Integration error propagation through IPC should propagate yt-dlp not found error","status":"passed","title":"should propagate yt-dlp not found error","duration":64.08300000000054,"failureMessages":[],"meta":{}},{"ancestorTitles":["Download IPC Integration","progress and state-change events"],"fullName":"Download IPC Integration progress and state-change events should emit progress events during download","status":"passed","title":"should emit progress events during download","duration":132.1845000000003,"failureMessages":[],"meta":{}},{"ancestorTitles":["Download IPC Integration","progress and state-change events"],"fullName":"Download IPC Integration progress and state-change events should emit state-change events during lifecycle","status":"passed","title":"should emit state-change events during lifecycle","duration":127.39869999999974,"failureMessages":[],"meta":{}},{"ancestorTitles":["Download IPC Integration","progress and state-change events"],"fullName":"Download IPC Integration progress and state-change events should emit state-change event with error details on failure","status":"passed","title":"should emit state-change event with error details on failure","duration":238.7448000000004,"failureMessages":[],"meta":{}},{"ancestorTitles":["Download IPC Integration","concurrent download management via IPC"],"fullName":"Download IPC Integration concurrent download management via IPC should respect concurrent limit across multiple IPC calls","status":"passed","title":"should respect concurrent limit across multiple IPC calls","duration":20.426300000000083,"failureMessages":[],"meta":{}}],"startTime":1787261022438,"endTime":1787261023419.4263,"status":"passed","message":"","name":"D:/Remon-Download/electron/ipc/downloadIpc.test.ts"},{"assertionResults":[{"ancestorTitles":["IPC_CHANNELS — naming conventions"],"fullName":"IPC_CHANNELS — naming conventions all channels are non-empty strings","status":"passed","title":"all channels are non-empty strings","duration":6.323500000000422,"failureMessages":[],"meta":{}},{"ancestorTitles":["IPC_CHANNELS — naming conventions"],"fullName":"IPC_CHANNELS — naming conventions all channels follow namespace:action pattern","status":"passed","title":"all channels follow namespace:action pattern","duration":3.4489999999996144,"failureMessages":[],"meta":{}},{"ancestorTitles":["IPC_CHANNELS — naming conventions"],"fullName":"IPC_CHANNELS — naming conventions all channel values are unique (no duplicate channel strings)","status":"passed","title":"all channel values are unique (no duplicate channel strings)","duration":0.877400000000307,"failureMessages":[],"meta":{}},{"ancestorTitles":["IPC_CHANNELS — naming conventions"],"fullName":"IPC_CHANNELS — naming conventions covers all expected service namespaces","status":"passed","title":"covers all expected service namespaces","duration":4.4000999999998385,"failureMessages":[],"meta":{}},{"ancestorTitles":["IPC_CHANNELS — naming conventions"],"fullName":"IPC_CHANNELS — naming conventions has exactly 30 channels defined","status":"passed","title":"has exactly 30 channels defined","duration":0.7447999999994863,"failureMessages":[],"meta":{}},{"ancestorTitles":["IpcResult<T> — success/error envelope"],"fullName":"IpcResult<T> — success/error envelope success variant carries data and success: true","status":"passed","title":"success variant carries data and success: true","duration":0.6575000000002547,"failureMessages":[],"meta":{}},{"ancestorTitles":["IpcResult<T> — success/error envelope"],"fullName":"IpcResult<T> — success/error envelope error variant carries error and success: false","status":"passed","title":"error variant carries error and success: false","duration":0.889100000000326,"failureMessages":[],"meta":{}},{"ancestorTitles":["IpcResult<T> — success/error envelope"],"fullName":"IpcResult<T> — success/error envelope success variant does not have an error property","status":"passed","title":"success variant does not have an error property","duration":0.3419000000003507,"failureMessages":[],"meta":{}},{"ancestorTitles":["IpcResult<T> — success/error envelope"],"fullName":"IpcResult<T> — success/error envelope error variant does not have a data property","status":"passed","title":"error variant does not have a data property","duration":0.7795999999998457,"failureMessages":[],"meta":{}},{"ancestorTitles":["Preload API surface — window.electronAPI contract"],"fullName":"Preload API surface — window.electronAPI contract window.electronAPI is undefined in Vitest (no preload injected)","status":"passed","title":"window.electronAPI is undefined in Vitest (no preload injected)","duration":0.5883000000003449,"failureMessages":[],"meta":{}},{"ancestorTitles":["Preload API surface — window.electronAPI contract"],"fullName":"Preload API surface — window.electronAPI contract isElectronEnvironment() returns false in Vitest","status":"passed","title":"isElectronEnvironment() returns false in Vitest","duration":0.4719999999997526,"failureMessages":[],"meta":{}},{"ancestorTitles":["Preload API surface — window.electronAPI contract"],"fullName":"Preload API surface — window.electronAPI contract a simulated preload injection is detected by isElectronEnvironment()","status":"passed","title":"a simulated preload injection is detected by isElectronEnvironment()","duration":1.1853999999993903,"failureMessages":[],"meta":{}},{"ancestorTitles":["serviceResolver — dual-mode selection"],"fullName":"serviceResolver — dual-mode selection resolveMetadataService() returns MockMetadataService in Web/Vitest mode","status":"passed","title":"resolveMetadataService() returns MockMetadataService in Web/Vitest mode","duration":1.1836999999995896,"failureMessages":[],"meta":{}},{"ancestorTitles":["serviceResolver — dual-mode selection"],"fullName":"serviceResolver — dual-mode selection resolveHistoryService() returns MockHistoryService in Web/Vitest mode","status":"passed","title":"resolveHistoryService() returns MockHistoryService in Web/Vitest mode","duration":0.6869999999998981,"failureMessages":[],"meta":{}},{"ancestorTitles":["serviceResolver — dual-mode selection"],"fullName":"serviceResolver — dual-mode selection resolveFavoritesService() returns MockFavoritesService in Web/Vitest mode","status":"passed","title":"resolveFavoritesService() returns MockFavoritesService in Web/Vitest mode","duration":0.721400000000358,"failureMessages":[],"meta":{}},{"ancestorTitles":["serviceResolver — dual-mode selection"],"fullName":"serviceResolver — dual-mode selection resolveSchedulerService() returns MockSchedulerService in Web/Vitest mode","status":"passed","title":"resolveSchedulerService() returns MockSchedulerService in Web/Vitest mode","duration":0.6692000000002736,"failureMessages":[],"meta":{}},{"ancestorTitles":["serviceResolver — dual-mode selection"],"fullName":"serviceResolver — dual-mode selection returns the same singleton on repeated calls (no re-instantiation)","status":"passed","title":"returns the same singleton on repeated calls (no re-instantiation)","duration":0.47850000000016735,"failureMessages":[],"meta":{}},{"ancestorTitles":["serviceResolver — dual-mode selection"],"fullName":"serviceResolver — dual-mode selection _resetServiceCache() forces new instances on next resolve","status":"passed","title":"_resetServiceCache() forces new instances on next resolve","duration":2.6929000000000087,"failureMessages":[],"meta":{}},{"ancestorTitles":["error propagation — wrapError simulation"],"fullName":"error propagation — wrapError simulation wrapSuccess returns success: true with data","status":"passed","title":"wrapSuccess returns success: true with data","duration":1.0550999999995838,"failureMessages":[],"meta":{}},{"ancestorTitles":["error propagation — wrapError simulation"],"fullName":"error propagation — wrapError simulation wrapError from Error instance extracts message","status":"passed","title":"wrapError from Error instance extracts message","duration":0.910200000000259,"failureMessages":[],"meta":{}},{"ancestorTitles":["error propagation — wrapError simulation"],"fullName":"error propagation — wrapError simulation wrapError from string coerces to message","status":"passed","title":"wrapError from string coerces to message","duration":0.6077999999997701,"failureMessages":[],"meta":{}},{"ancestorTitles":["error propagation — wrapError simulation"],"fullName":"error propagation — wrapError simulation wrapError from unknown type uses String()","status":"passed","title":"wrapError from unknown type uses String()","duration":0.6985999999997148,"failureMessages":[],"meta":{}},{"ancestorTitles":["error propagation — wrapError simulation"],"fullName":"error propagation — wrapError simulation renderer raises error when IpcResult.success is false","status":"passed","title":"renderer raises error when IpcResult.success is false","duration":6.707800000000134,"failureMessages":[],"meta":{}},{"ancestorTitles":["security constraints — renderer has no Node.js access"],"fullName":"security constraints — renderer has no Node.js access require() is not available in the renderer context (Vitest/JSDOM)","status":"passed","title":"require() is not available in the renderer context (Vitest/JSDOM)","duration":0.6759000000001834,"failureMessages":[],"meta":{}},{"ancestorTitles":["security constraints — renderer has no Node.js access"],"fullName":"security constraints — renderer has no Node.js access window.electronAPI is undefined unless preload injects it","status":"passed","title":"window.electronAPI is undefined unless preload injects it","duration":0.5268000000005486,"failureMessages":[],"meta":{}},{"ancestorTitles":["security constraints — renderer has no Node.js access"],"fullName":"security constraints — renderer has no Node.js access window.electronAPI is boolean-detectable after simulated injection","status":"passed","title":"window.electronAPI is boolean-detectable after simulated injection","duration":0.6992000000000189,"failureMessages":[],"meta":{}},{"ancestorTitles":["security constraints — renderer has no Node.js access"],"fullName":"security constraints — renderer has no Node.js access Electron main process security config — contextIsolation must be true (documented constant)","status":"passed","title":"Electron main process security config — contextIsolation must be true (documented constant)","duration":0.8393000000005486,"failureMessages":[],"meta":{}}],"startTime":1787261038043,"endTime":1787261038089.8394,"status":"passed","message":"","name":"D:/Remon-Download/electron/ipc/ipc.test.ts"},{"assertionResults":[{"ancestorTitles":["Metadata IPC channel"],"fullName":"Metadata IPC channel METADATA_ANALYZE channel exists in IPC_CHANNELS","status":"passed","title":"METADATA_ANALYZE channel exists in IPC_CHANNELS","duration":4.039700000000266,"failureMessages":[],"meta":{}},{"ancestorTitles":["Metadata IPC channel"],"fullName":"Metadata IPC channel METADATA_ANALYZE channel follows namespace:action pattern","status":"passed","title":"METADATA_ANALYZE channel follows namespace:action pattern","duration":1.6072999999996682,"failureMessages":[],"meta":{}},{"ancestorTitles":["Metadata IPC channel"],"fullName":"Metadata IPC channel METADATA_ANALYZE is a unique channel string","status":"passed","title":"METADATA_ANALYZE is a unique channel string","duration":1.0933999999997468,"failureMessages":[],"meta":{}},{"ancestorTitles":["IPC handler simulation — metadata:analyze"],"fullName":"IPC handler simulation — metadata:analyze returns IpcResult { success: true } for a valid video URL","status":"passed","title":"returns IpcResult { success: true } for a valid video URL","duration":9.148400000000038,"failureMessages":[],"meta":{}},{"ancestorTitles":["IPC handler simulation — metadata:analyze"],"fullName":"IPC handler simulation — metadata:analyze returns IpcResult { success: false } for an unsupported URL — does not crash","status":"passed","title":"returns IpcResult { success: false } for an unsupported URL — does not crash","duration":3.048800000000483,"failureMessages":[],"meta":{}},{"ancestorTitles":["IPC handler simulation — metadata:analyze"],"fullName":"IPC handler simulation — metadata:analyze returns IpcResult { success: false } for an invalid URL — does not crash","status":"passed","title":"returns IpcResult { success: false } for an invalid URL — does not crash","duration":1.5639000000001033,"failureMessages":[],"meta":{}},{"ancestorTitles":["IPC handler simulation — metadata:analyze"],"fullName":"IPC handler simulation — metadata:analyze Main Process never throws — errors are always wrapped in IpcResult","status":"passed","title":"Main Process never throws — errors are always wrapped in IpcResult","duration":6.193700000000717,"failureMessages":[],"meta":{}},{"ancestorTitles":["IPC handler — URL type coverage"],"fullName":"IPC handler — URL type coverage Video URL → IpcResult<VideoMetadata> with linkType 'video'","status":"passed","title":"Video URL → IpcResult<VideoMetadata> with linkType 'video'","duration":3.6987000000008265,"failureMessages":[],"meta":{}},{"ancestorTitles":["IPC handler — URL type coverage"],"fullName":"IPC handler — URL type coverage Shorts URL → IpcResult<VideoMetadata> with linkType 'shorts'","status":"passed","title":"Shorts URL → IpcResult<VideoMetadata> with linkType 'shorts'","duration":4.099699999999757,"failureMessages":[],"meta":{}},{"ancestorTitles":["IPC handler — URL type coverage"],"fullName":"IPC handler — URL type coverage Playlist URL → IpcResult<PlaylistMetadata> with linkType 'playlist'","status":"passed","title":"Playlist URL → IpcResult<PlaylistMetadata> with linkType 'playlist'","duration":5.194200000000819,"failureMessages":[],"meta":{}},{"ancestorTitles":["IPC handler — URL type coverage"],"fullName":"IPC handler — URL type coverage Channel URL → IpcResult<ChannelMetadata> with linkType 'channel'","status":"passed","title":"Channel URL → IpcResult<ChannelMetadata> with linkType 'channel'","duration":3.5236000000004424,"failureMessages":[],"meta":{}},{"ancestorTitles":["IPC handler — URL type coverage"],"fullName":"IPC handler — URL type coverage Invalid URL → IpcResult error with message 'invalid_url'","status":"passed","title":"Invalid URL → IpcResult error with message 'invalid_url'","duration":0.832300000000032,"failureMessages":[],"meta":{}},{"ancestorTitles":["IPC handler — URL type coverage"],"fullName":"IPC handler — URL type coverage Unsupported URL → IpcResult error with message 'unsupported_url'","status":"passed","title":"Unsupported URL → IpcResult error with message 'unsupported_url'","duration":1.1516999999994368,"failureMessages":[],"meta":{}},{"ancestorTitles":["ElectronMetadataService adapter"],"fullName":"ElectronMetadataService adapter delegates analyze() to window.electronAPI.metadata.analyze()","status":"passed","title":"delegates analyze() to window.electronAPI.metadata.analyze()","duration":6.12119999999959,"failureMessages":[],"meta":{}},{"ancestorTitles":["ElectronMetadataService adapter"],"fullName":"ElectronMetadataService adapter re-throws errors from window.electronAPI.metadata.analyze()","status":"passed","title":"re-throws errors from window.electronAPI.metadata.analyze()","duration":7.395999999999731,"failureMessages":[],"meta":{}},{"ancestorTitles":["serviceResolver — metadata dual-mode"],"fullName":"serviceResolver — metadata dual-mode Web mode — resolveMetadataService() returns MockMetadataService","status":"passed","title":"Web mode — resolveMetadataService() returns MockMetadataService","duration":0.986599999999271,"failureMessages":[],"meta":{}},{"ancestorTitles":["serviceResolver — metadata dual-mode"],"fullName":"serviceResolver — metadata dual-mode Electron mode — resolveMetadataService() returns ElectronMetadataService","status":"passed","title":"Electron mode — resolveMetadataService() returns ElectronMetadataService","duration":0.349699999999757,"failureMessages":[],"meta":{}},{"ancestorTitles":["serviceResolver — metadata dual-mode"],"fullName":"serviceResolver — metadata dual-mode Web mode MockMetadataService.analyze() rejects unsupported URLs with 'unsupported_url'","status":"passed","title":"Web mode MockMetadataService.analyze() rejects unsupported URLs with 'unsupported_url'","duration":357.03739999999925,"failureMessages":[],"meta":{}},{"ancestorTitles":["Error propagation — store error flow"],"fullName":"Error propagation — store error flow wrapError from NativeMetadataService → IpcResult error → adapter throws → store catches","status":"passed","title":"wrapError from NativeMetadataService → IpcResult error → adapter throws → store catches","duration":4.3233000000000175,"failureMessages":[],"meta":{}}],"startTime":1787261027632,"endTime":1787261028057.3232,"status":"passed","message":"","name":"D:/Remon-Download/electron/ipc/metadataIpc.test.ts"},{"assertionResults":[{"ancestorTitles":["NativeDownloadService","yt-dlp path resolution"],"fullName":"NativeDownloadService yt-dlp path resolution should use ytdlpPath from settings when provided and executable","status":"passed","title":"should use ytdlpPath from settings when provided and executable","duration":107.88280000000032,"failureMessages":[],"meta":{}},{"ancestorTitles":["NativeDownloadService","yt-dlp path resolution"],"fullName":"NativeDownloadService yt-dlp path resolution should fall back to PATH when settings ytdlpPath is invalid","status":"passed","title":"should fall back to PATH when settings ytdlpPath is invalid","duration":18.364299999999275,"failureMessages":[],"meta":{}},{"ancestorTitles":["NativeDownloadService","yt-dlp path resolution"],"fullName":"NativeDownloadService yt-dlp path resolution should throw ytdlp_not_found when no valid yt-dlp binary found","status":"passed","title":"should throw ytdlp_not_found when no valid yt-dlp binary found","duration":71.96339999999964,"failureMessages":[],"meta":{}},{"ancestorTitles":["NativeDownloadService","download lifecycle"],"fullName":"NativeDownloadService download lifecycle should parse real yt-dlp stdout progress lines","status":"passed","title":"should parse real yt-dlp stdout progress lines","duration":3.309700000000703,"failureMessages":[],"meta":{}},{"ancestorTitles":["NativeDownloadService","download lifecycle"],"fullName":"NativeDownloadService download lifecycle should parse yt-dlp stderr progress lines","status":"passed","title":"should parse yt-dlp stderr progress lines","duration":139.1316999999999,"failureMessages":[],"meta":{}},{"ancestorTitles":["NativeDownloadService","download lifecycle"],"fullName":"NativeDownloadService download lifecycle should derive downloaded bytes from percent when pipe template omits them","status":"passed","title":"should derive downloaded bytes from percent when pipe template omits them","duration":3.2442999999993845,"failureMessages":[],"meta":{}},{"ancestorTitles":["NativeDownloadService","download lifecycle"],"fullName":"NativeDownloadService download lifecycle should retry a failed item and start a new yt-dlp process","status":"passed","title":"should retry a failed item and start a new yt-dlp process","duration":415.34760000000006,"failureMessages":[],"meta":{}},{"ancestorTitles":["NativeDownloadService","download lifecycle"],"fullName":"NativeDownloadService download lifecycle should add item to queue","status":"passed","title":"should add item to queue","duration":3.2731000000003405,"failureMessages":[],"meta":{}},{"ancestorTitles":["NativeDownloadService","download lifecycle"],"fullName":"NativeDownloadService download lifecycle should start download and transition to downloading status","status":"passed","title":"should start download and transition to downloading status","duration":59.587499999999636,"failureMessages":[],"meta":{}},{"ancestorTitles":["NativeDownloadService","download lifecycle"],"fullName":"NativeDownloadService download lifecycle should pause download and keep partial files","status":"passed","title":"should pause download and keep partial files","duration":142.57530000000042,"failureMessages":[],"meta":{}},{"ancestorTitles":["NativeDownloadService","download lifecycle"],"fullName":"NativeDownloadService download lifecycle should resume download with --continue flag","status":"passed","title":"should resume download with --continue flag","duration":17.104699999999866,"failureMessages":[],"meta":{}},{"ancestorTitles":["NativeDownloadService","download lifecycle"],"fullName":"NativeDownloadService download lifecycle should cancel download","status":"passed","title":"should cancel download","duration":142.53339999999935,"failureMessages":[],"meta":{}},{"ancestorTitles":["NativeDownloadService","download lifecycle"],"fullName":"NativeDownloadService download lifecycle should retry failed download","status":"passed","title":"should retry failed download","duration":1.5455999999994674,"failureMessages":[],"meta":{}},{"ancestorTitles":["NativeDownloadService","download lifecycle"],"fullName":"NativeDownloadService download lifecycle should freeze progress state after pause and ignore stale events","status":"passed","title":"should freeze progress state after pause and ignore stale events","duration":202.27160000000003,"failureMessages":[],"meta":{}},{"ancestorTitles":["NativeDownloadService","download lifecycle"],"fullName":"NativeDownloadService download lifecycle should ignore stale progress after cancel","status":"passed","title":"should ignore stale progress after cancel","duration":157.51699999999983,"failureMessages":[],"meta":{}},{"ancestorTitles":["NativeDownloadService","download lifecycle"],"fullName":"NativeDownloadService download lifecycle should ignore stale progress after failed and completed states","status":"passed","title":"should ignore stale progress after failed and completed states","duration":523.4883,"failureMessages":[],"meta":{}},{"ancestorTitles":["NativeDownloadService","download lifecycle"],"fullName":"NativeDownloadService download lifecycle should prefer actual on-disk file size over metadata estimate when file is larger","status":"passed","title":"should prefer actual on-disk file size over metadata estimate when file is larger","duration":234.72179999999935,"failureMessages":[],"meta":{}},{"ancestorTitles":["NativeDownloadService","download lifecycle"],"fullName":"NativeDownloadService download lifecycle should mark item as completed if stopping after the file has already finished downloading","status":"passed","title":"should mark item as completed if stopping after the file has already finished downloading","duration":191.10419999999976,"failureMessages":[],"meta":{}},{"ancestorTitles":["NativeDownloadService","download lifecycle"],"fullName":"NativeDownloadService download lifecycle should remove download item","status":"passed","title":"should remove download item","duration":8.63300000000072,"failureMessages":[],"meta":{}},{"ancestorTitles":["NativeDownloadService","progress parsing"],"fullName":"NativeDownloadService progress parsing should parse progress from yt-dlp output","status":"passed","title":"should parse progress from yt-dlp output","duration":189.63580000000002,"failureMessages":[],"meta":{}},{"ancestorTitles":["NativeDownloadService","progress parsing"],"fullName":"NativeDownloadService progress parsing should emit state change events","status":"passed","title":"should emit state change events","duration":337.3674000000001,"failureMessages":[],"meta":{}},{"ancestorTitles":["NativeDownloadService","state transitions"],"fullName":"NativeDownloadService state transitions should transition downloading → merging → converting → completed","status":"passed","title":"should transition downloading → merging → converting → completed","duration":1669.8513000000003,"failureMessages":[],"meta":{}},{"ancestorTitles":["NativeDownloadService","error handling"],"fullName":"NativeDownloadService error handling should handle video unavailable error","status":"passed","title":"should handle video unavailable error","duration":179.78409999999894,"failureMessages":[],"meta":{}},{"ancestorTitles":["NativeDownloadService","error handling"],"fullName":"NativeDownloadService error handling should handle private video error","status":"passed","title":"should handle private video error","duration":184.36239999999998,"failureMessages":[],"meta":{}},{"ancestorTitles":["NativeDownloadService","error handling"],"fullName":"NativeDownloadService error handling should handle network error","status":"passed","title":"should handle network error","duration":183.4935000000005,"failureMessages":[],"meta":{}},{"ancestorTitles":["NativeDownloadService","error handling"],"fullName":"NativeDownloadService error handling should handle unsupported URL error","status":"passed","title":"should handle unsupported URL error","duration":178.9969999999994,"failureMessages":[],"meta":{}},{"ancestorTitles":["NativeDownloadService","error handling"],"fullName":"NativeDownloadService error handling should handle FFmpeg error","status":"passed","title":"should handle FFmpeg error","duration":183.32690000000002,"failureMessages":[],"meta":{}},{"ancestorTitles":["NativeDownloadService","error handling"],"fullName":"NativeDownloadService error handling should handle spawn error","status":"passed","title":"should handle spawn error","duration":182.9452000000001,"failureMessages":[],"meta":{}},{"ancestorTitles":["NativeDownloadService","concurrent downloads"],"fullName":"NativeDownloadService concurrent downloads should respect concurrent download limit","status":"passed","title":"should respect concurrent download limit","duration":137.54570000000058,"failureMessages":[],"meta":{}},{"ancestorTitles":["NativeDownloadService","concurrent downloads"],"fullName":"NativeDownloadService concurrent downloads should allow new download after pause frees slot","status":"passed","title":"should allow new download after pause frees slot","duration":296.22450000000026,"failureMessages":[],"meta":{}},{"ancestorTitles":["NativeDownloadService","yt-dlp arguments"],"fullName":"NativeDownloadService yt-dlp arguments should use a video format selector for 720p mp4 downloads","status":"passed","title":"should use a video format selector for 720p mp4 downloads","duration":20.57140000000072,"failureMessages":[],"meta":{}},{"ancestorTitles":["NativeDownloadService","yt-dlp arguments"],"fullName":"NativeDownloadService yt-dlp arguments should use an audio-only selector for mp3 downloads","status":"passed","title":"should use an audio-only selector for mp3 downloads","duration":18.77059999999983,"failureMessages":[],"meta":{}},{"ancestorTitles":["NativeDownloadService","yt-dlp arguments"],"fullName":"NativeDownloadService yt-dlp arguments should include speed limit in arguments when not unlimited","status":"passed","title":"should include speed limit in arguments when not unlimited","duration":33.09699999999975,"failureMessages":[],"meta":{}},{"ancestorTitles":["NativeDownloadService","yt-dlp arguments"],"fullName":"NativeDownloadService yt-dlp arguments should include --continue flag when resuming","status":"passed","title":"should include --continue flag when resuming","duration":28.215399999999136,"failureMessages":[],"meta":{}},{"ancestorTitles":["NativeDownloadService","yt-dlp arguments"],"fullName":"NativeDownloadService yt-dlp arguments should include --no-continue flag when starting fresh","status":"passed","title":"should include --no-continue flag when starting fresh","duration":17.924999999999272,"failureMessages":[],"meta":{}},{"ancestorTitles":["NativeDownloadService","yt-dlp arguments"],"fullName":"NativeDownloadService yt-dlp arguments should include FFmpeg location when specified","status":"passed","title":"should include FFmpeg location when specified","duration":19.94250000000102,"failureMessages":[],"meta":{}},{"ancestorTitles":["NativeDownloadService","settings update"],"fullName":"NativeDownloadService settings update should update settings and invalidate yt-dlp path cache","status":"passed","title":"should update settings and invalidate yt-dlp path cache","duration":0.3271999999997206,"failureMessages":[],"meta":{}},{"ancestorTitles":["NativeDownloadService","cleanup"],"fullName":"NativeDownloadService cleanup should kill all active processes on cleanup","status":"passed","title":"should kill all active processes on cleanup","duration":279.9531999999999,"failureMessages":[],"meta":{}}],"startTime":1787261022433,"endTime":1787261029061.9531,"status":"passed","message":"","name":"D:/Remon-Download/electron/services/nativeDownloadService.test.ts"},{"assertionResults":[{"ancestorTitles":["NativeFavoritesService","initialization"],"fullName":"NativeFavoritesService initialization should load favorites from file on construction","status":"passed","title":"should load favorites from file on construction","duration":12.345299999999952,"failureMessages":[],"meta":{}},{"ancestorTitles":["NativeFavoritesService","initialization"],"fullName":"NativeFavoritesService initialization should start with empty array if file does not exist","status":"passed","title":"should start with empty array if file does not exist","duration":0.9579000000003361,"failureMessages":[],"meta":{}},{"ancestorTitles":["NativeFavoritesService","initialization"],"fullName":"NativeFavoritesService initialization should ignore legacy array-shaped favorites file and fall back to empty state","status":"passed","title":"should ignore legacy array-shaped favorites file and fall back to empty state","duration":2.5986999999995533,"failureMessages":[],"meta":{}},{"ancestorTitles":["NativeFavoritesService","initialization"],"fullName":"NativeFavoritesService initialization should normalize invalid dateAdded values from disk before rendering","status":"passed","title":"should normalize invalid dateAdded values from disk before rendering","duration":1.2869000000000597,"failureMessages":[],"meta":{}},{"ancestorTitles":["NativeFavoritesService","initialization"],"fullName":"NativeFavoritesService initialization should handle file read errors gracefully","status":"passed","title":"should handle file read errors gracefully","duration":3.192500000000109,"failureMessages":[],"meta":{}},{"ancestorTitles":["NativeFavoritesService","getAll"],"fullName":"NativeFavoritesService getAll should return all favorite items","status":"passed","title":"should return all favorite items","duration":0.79490000000078,"failureMessages":[],"meta":{}},{"ancestorTitles":["NativeFavoritesService","getAll"],"fullName":"NativeFavoritesService getAll should return a copy of items array","status":"passed","title":"should return a copy of items array","duration":3.8060999999997875,"failureMessages":[],"meta":{}},{"ancestorTitles":["NativeFavoritesService","add"],"fullName":"NativeFavoritesService add should add new item to favorites and persist to file","status":"passed","title":"should add new item to favorites and persist to file","duration":2.5258999999996377,"failureMessages":[],"meta":{}},{"ancestorTitles":["NativeFavoritesService","add"],"fullName":"NativeFavoritesService add should add new item to beginning of list","status":"passed","title":"should add new item to beginning of list","duration":1.4046000000007552,"failureMessages":[],"meta":{}},{"ancestorTitles":["NativeFavoritesService","add"],"fullName":"NativeFavoritesService add should replace existing item with same id","status":"passed","title":"should replace existing item with same id","duration":2.3900000000003274,"failureMessages":[],"meta":{}},{"ancestorTitles":["NativeFavoritesService","add"],"fullName":"NativeFavoritesService add should persist to file after adding","status":"passed","title":"should persist to file after adding","duration":2.1129999999993743,"failureMessages":[],"meta":{}},{"ancestorTitles":["NativeFavoritesService","remove"],"fullName":"NativeFavoritesService remove should remove item by id and persist to file","status":"passed","title":"should remove item by id and persist to file","duration":2.1203999999997905,"failureMessages":[],"meta":{}},{"ancestorTitles":["NativeFavoritesService","remove"],"fullName":"NativeFavoritesService remove should return id even if item does not exist","status":"passed","title":"should return id even if item does not exist","duration":0.6925000000001091,"failureMessages":[],"meta":{}},{"ancestorTitles":["NativeFavoritesService","remove"],"fullName":"NativeFavoritesService remove should persist to file after removing","status":"passed","title":"should persist to file after removing","duration":3.3424000000004526,"failureMessages":[],"meta":{}},{"ancestorTitles":["NativeFavoritesService","persistence"],"fullName":"NativeFavoritesService persistence should serialize and deserialize dates correctly","status":"passed","title":"should serialize and deserialize dates correctly","duration":1.893000000000029,"failureMessages":[],"meta":{}}],"startTime":1787261034360,"endTime":1787261034403.893,"status":"passed","message":"","name":"D:/Remon-Download/electron/services/nativeFavoritesService.test.ts"},{"assertionResults":[{"ancestorTitles":["NativeHistoryService","initialization"],"fullName":"NativeHistoryService initialization should load history from file on construction","status":"passed","title":"should load history from file on construction","duration":8.983299999999872,"failureMessages":[],"meta":{}},{"ancestorTitles":["NativeHistoryService","initialization"],"fullName":"NativeHistoryService initialization should start with empty array if file does not exist","status":"passed","title":"should start with empty array if file does not exist","duration":2.6419999999998254,"failureMessages":[],"meta":{}},{"ancestorTitles":["NativeHistoryService","initialization"],"fullName":"NativeHistoryService initialization should handle file read errors gracefully","status":"passed","title":"should handle file read errors gracefully","duration":4.94419999999991,"failureMessages":[],"meta":{}},{"ancestorTitles":["NativeHistoryService","initialization"],"fullName":"NativeHistoryService initialization should handle legacy JSON files by mapping property fallbacks","status":"passed","title":"should handle legacy JSON files by mapping property fallbacks","duration":3.149899999999434,"failureMessages":[],"meta":{}},{"ancestorTitles":["NativeHistoryService","getAll"],"fullName":"NativeHistoryService getAll should return all history items","status":"passed","title":"should return all history items","duration":1.0441000000000713,"failureMessages":[],"meta":{}},{"ancestorTitles":["NativeHistoryService","getAll"],"fullName":"NativeHistoryService getAll should return a copy of items array","status":"passed","title":"should return a copy of items array","duration":1.6785999999992782,"failureMessages":[],"meta":{}},{"ancestorTitles":["NativeHistoryService","add"],"fullName":"NativeHistoryService add should add new item to history and persist to file","status":"passed","title":"should add new item to history and persist to file","duration":1.9095000000006621,"failureMessages":[],"meta":{}},{"ancestorTitles":["NativeHistoryService","add"],"fullName":"NativeHistoryService add should replace existing item with same id","status":"passed","title":"should replace existing item with same id","duration":4.659700000000157,"failureMessages":[],"meta":{}},{"ancestorTitles":["NativeHistoryService","add"],"fullName":"NativeHistoryService add should persist to file after adding","status":"passed","title":"should persist to file after adding","duration":1.0958000000000538,"failureMessages":[],"meta":{}},{"ancestorTitles":["NativeHistoryService","remove"],"fullName":"NativeHistoryService remove should remove item by id and persist to file","status":"passed","title":"should remove item by id and persist to file","duration":2.763600000000224,"failureMessages":[],"meta":{}},{"ancestorTitles":["NativeHistoryService","remove"],"fullName":"NativeHistoryService remove should return id even if item does not exist","status":"passed","title":"should return id even if item does not exist","duration":0.9164000000000669,"failureMessages":[],"meta":{}},{"ancestorTitles":["NativeHistoryService","clear"],"fullName":"NativeHistoryService clear should clear all items and persist to file","status":"passed","title":"should clear all items and persist to file","duration":1.1841000000003987,"failureMessages":[],"meta":{}}],"startTime":1787261038609,"endTime":1787261038646.184,"status":"passed","message":"","name":"D:/Remon-Download/electron/services/nativeHistoryService.test.ts"},{"assertionResults":[{"ancestorTitles":["NativeMetadataService — yt-dlp Integration","yt-dlp path resolution"],"fullName":"NativeMetadataService — yt-dlp Integration yt-dlp path resolution uses Settings ytdlpPath if provided and valid","status":"passed","title":"uses Settings ytdlpPath if provided and valid","duration":17.392499999999927,"failureMessages":[],"meta":{}},{"ancestorTitles":["NativeMetadataService — yt-dlp Integration","yt-dlp path resolution"],"fullName":"NativeMetadataService — yt-dlp Integration yt-dlp path resolution falls back to PATH if Settings path is invalid","status":"passed","title":"falls back to PATH if Settings path is invalid","duration":8.846599999999853,"failureMessages":[],"meta":{}},{"ancestorTitles":["NativeMetadataService — yt-dlp Integration","yt-dlp path resolution"],"fullName":"NativeMetadataService — yt-dlp Integration yt-dlp path resolution throws ytdlp_not_found if yt-dlp not in PATH","status":"passed","title":"throws ytdlp_not_found if yt-dlp not in PATH","duration":8.005500000000211,"failureMessages":[],"meta":{}},{"ancestorTitles":["NativeMetadataService — yt-dlp Integration","Video URL"],"fullName":"NativeMetadataService — yt-dlp Integration Video URL parses video metadata correctly","status":"passed","title":"parses video metadata correctly","duration":10.002700000000004,"failureMessages":[],"meta":{}},{"ancestorTitles":["NativeMetadataService — yt-dlp Integration","Video URL"],"fullName":"NativeMetadataService — yt-dlp Integration Video URL passes URL as separate argument (security)","status":"passed","title":"passes URL as separate argument (security)","duration":4.244800000000396,"failureMessages":[],"meta":{}},{"ancestorTitles":["NativeMetadataService — yt-dlp Integration","Shorts URL"],"fullName":"NativeMetadataService — yt-dlp Integration Shorts URL parses shorts metadata correctly","status":"passed","title":"parses shorts metadata correctly","duration":3.8765000000003056,"failureMessages":[],"meta":{}},{"ancestorTitles":["NativeMetadataService — yt-dlp Integration","Playlist URL"],"fullName":"NativeMetadataService — yt-dlp Integration Playlist URL parses playlist metadata with video entries","status":"passed","title":"parses playlist metadata with video entries","duration":28.12169999999969,"failureMessages":[],"meta":{}},{"ancestorTitles":["NativeMetadataService — yt-dlp Integration","Playlist URL"],"fullName":"NativeMetadataService — yt-dlp Integration Playlist URL uses --yes-playlist flag for playlists","status":"passed","title":"uses --yes-playlist flag for playlists","duration":6.0262000000002445,"failureMessages":[],"meta":{}},{"ancestorTitles":["NativeMetadataService — yt-dlp Integration"],"fullName":"NativeMetadataService — yt-dlp Integration derives a YouTube thumbnail when a playlist entry has no thumbnail","status":"passed","title":"derives a YouTube thumbnail when a playlist entry has no thumbnail","duration":15.29609999999957,"failureMessages":[],"meta":{}},{"ancestorTitles":["NativeMetadataService — yt-dlp Integration","Channel URL"],"fullName":"NativeMetadataService — yt-dlp Integration Channel URL parses channel metadata with latest videos","status":"passed","title":"parses channel metadata with latest videos","duration":14.881000000000313,"failureMessages":[],"meta":{}},{"ancestorTitles":["NativeMetadataService — yt-dlp Integration","Error handling"],"fullName":"NativeMetadataService — yt-dlp Integration Error handling throws invalid_url for empty string","status":"passed","title":"throws invalid_url for empty string","duration":11.579200000000128,"failureMessages":[],"meta":{}},{"ancestorTitles":["NativeMetadataService — yt-dlp Integration","Error handling"],"fullName":"NativeMetadataService — yt-dlp Integration Error handling throws invalid_url for non-URL string","status":"passed","title":"throws invalid_url for non-URL string","duration":1.792699999999968,"failureMessages":[],"meta":{}},{"ancestorTitles":["NativeMetadataService — yt-dlp Integration","Error handling"],"fullName":"NativeMetadataService — yt-dlp Integration Error handling throws unsupported_url for non-YouTube URL","status":"passed","title":"throws unsupported_url for non-YouTube URL","duration":1.2361000000000786,"failureMessages":[],"meta":{}},{"ancestorTitles":["NativeMetadataService — yt-dlp Integration","Error handling"],"fullName":"NativeMetadataService — yt-dlp Integration Error handling throws video_unavailable on yt-dlp unavailable error","status":"passed","title":"throws video_unavailable on yt-dlp unavailable error","duration":4.873400000000402,"failureMessages":[],"meta":{}},{"ancestorTitles":["NativeMetadataService — yt-dlp Integration","Error handling"],"fullName":"NativeMetadataService — yt-dlp Integration Error handling throws video_private on yt-dlp private video error","status":"passed","title":"throws video_private on yt-dlp private video error","duration":8.45679999999993,"failureMessages":[],"meta":{}},{"ancestorTitles":["NativeMetadataService — yt-dlp Integration","Error handling"],"fullName":"NativeMetadataService — yt-dlp Integration Error handling throws network_error on yt-dlp network failure","status":"passed","title":"throws network_error on yt-dlp network failure","duration":2.5622999999995955,"failureMessages":[],"meta":{}},{"ancestorTitles":["NativeMetadataService — yt-dlp Integration","Error handling"],"fullName":"NativeMetadataService — yt-dlp Integration Error handling throws ytdlp_invalid_json on malformed JSON output","status":"passed","title":"throws ytdlp_invalid_json on malformed JSON output","duration":3.2161000000005515,"failureMessages":[],"meta":{}},{"ancestorTitles":["NativeMetadataService — yt-dlp Integration","Error handling"],"fullName":"NativeMetadataService — yt-dlp Integration Error handling throws ytdlp_timeout on process timeout","status":"passed","title":"throws ytdlp_timeout on process timeout","duration":2.1035000000001673,"failureMessages":[],"meta":{}},{"ancestorTitles":["NativeMetadataService — yt-dlp Integration","Error handling"],"fullName":"NativeMetadataService — yt-dlp Integration Error handling throws ytdlp_spawn_failed on spawn error","status":"passed","title":"throws ytdlp_spawn_failed on spawn error","duration":3.5695000000005166,"failureMessages":[],"meta":{}},{"ancestorTitles":["NativeMetadataService — yt-dlp Integration","URL classification (no yt-dlp call)"],"fullName":"NativeMetadataService — yt-dlp Integration URL classification (no yt-dlp call) classifies /shorts/ URLs correctly","status":"passed","title":"classifies /shorts/ URLs correctly","duration":1.2798000000002503,"failureMessages":[],"meta":{}},{"ancestorTitles":["NativeMetadataService — yt-dlp Integration","URL classification (no yt-dlp call)"],"fullName":"NativeMetadataService — yt-dlp Integration URL classification (no yt-dlp call) classifies /channel/ URLs correctly","status":"passed","title":"classifies /channel/ URLs correctly","duration":1.8504999999995562,"failureMessages":[],"meta":{}},{"ancestorTitles":["NativeMetadataService — yt-dlp Integration","URL classification (no yt-dlp call)"],"fullName":"NativeMetadataService — yt-dlp Integration URL classification (no yt-dlp call) classifies /@handle URLs correctly","status":"passed","title":"classifies /@handle URLs correctly","duration":1.1143999999994776,"failureMessages":[],"meta":{}},{"ancestorTitles":["NativeMetadataService — yt-dlp Integration","URL classification (no yt-dlp call)"],"fullName":"NativeMetadataService — yt-dlp Integration URL classification (no yt-dlp call) classifies playlist URLs correctly","status":"passed","title":"classifies playlist URLs correctly","duration":1.092399999999543,"failureMessages":[],"meta":{}},{"ancestorTitles":["NativeMetadataService — yt-dlp Integration","URL classification (no yt-dlp call)"],"fullName":"NativeMetadataService — yt-dlp Integration URL classification (no yt-dlp call) classifies playlist-video URLs correctly","status":"passed","title":"classifies playlist-video URLs correctly","duration":1.343499999999949,"failureMessages":[],"meta":{}},{"ancestorTitles":["NativeMetadataService — yt-dlp Integration","URL classification (no yt-dlp call)"],"fullName":"NativeMetadataService — yt-dlp Integration URL classification (no yt-dlp call) classifies regular video URLs correctly","status":"passed","title":"classifies regular video URLs correctly","duration":0.9816999999993641,"failureMessages":[],"meta":{}}],"startTime":1787261022423,"endTime":1787261022590.9817,"status":"passed","message":"","name":"D:/Remon-Download/electron/services/nativeMetadataService.test.ts"},{"assertionResults":[{"ancestorTitles":["NativeNotificationService"],"fullName":"NativeNotificationService does not notify when notifications are disabled","status":"passed","title":"does not notify when notifications are disabled","duration":4.601400000000467,"failureMessages":[],"meta":{}},{"ancestorTitles":["NativeNotificationService"],"fullName":"NativeNotificationService respects completed and failed notification settings","status":"passed","title":"respects completed and failed notification settings","duration":7.3598000000001775,"failureMessages":[],"meta":{}},{"ancestorTitles":["NativeNotificationService"],"fullName":"NativeNotificationService notifies for completed and failed downloads with fallbacks","status":"passed","title":"notifies for completed and failed downloads with fallbacks","duration":2.308799999999792,"failureMessages":[],"meta":{}},{"ancestorTitles":["NativeNotificationService"],"fullName":"NativeNotificationService localizes completion and scheduled notifications in Arabic","status":"passed","title":"localizes completion and scheduled notifications in Arabic","duration":80.97580000000016,"failureMessages":[],"meta":{}},{"ancestorTitles":["NativeNotificationService"],"fullName":"NativeNotificationService keeps notification messages in English for English settings","status":"passed","title":"keeps notification messages in English for English settings","duration":1.5868000000000393,"failureMessages":[],"meta":{}},{"ancestorTitles":["NativeNotificationService"],"fullName":"NativeNotificationService uses a clear English message instead of exposing the exit code","status":"passed","title":"uses a clear English message instead of exposing the exit code","duration":1.2856999999994514,"failureMessages":[],"meta":{}},{"ancestorTitles":["NativeNotificationService"],"fullName":"NativeNotificationService localizes an exit-code failure in Arabic","status":"passed","title":"localizes an exit-code failure in Arabic","duration":0.9942999999993845,"failureMessages":[],"meta":{}},{"ancestorTitles":["NativeNotificationService"],"fullName":"NativeNotificationService localizes an English fallback network message in Arabic","status":"passed","title":"localizes an English fallback network message in Arabic","duration":0.6317999999992026,"failureMessages":[],"meta":{}},{"ancestorTitles":["NativeNotificationService"],"fullName":"NativeNotificationService adds the downloaded thumbnail as the notification icon","status":"passed","title":"adds the downloaded thumbnail as the notification icon","duration":59.48229999999967,"failureMessages":[],"meta":{}},{"ancestorTitles":["NativeNotificationService"],"fullName":"NativeNotificationService uses one scheduled playlist notification for the playlist","status":"passed","title":"uses one scheduled playlist notification for the playlist","duration":62.504399999999805,"failureMessages":[],"meta":{}},{"ancestorTitles":["NativeNotificationService"],"fullName":"NativeNotificationService derives a playlist notification thumbnail from the video source URL","status":"passed","title":"derives a playlist notification thumbnail from the video source URL","duration":65.26580000000013,"failureMessages":[],"meta":{}},{"ancestorTitles":["NativeNotificationService"],"fullName":"NativeNotificationService falls back to a text-only notification when the thumbnail fails","status":"passed","title":"falls back to a text-only notification when the thumbnail fails","duration":53.190700000000106,"failureMessages":[],"meta":{}},{"ancestorTitles":["NativeNotificationService"],"fullName":"NativeNotificationService ignores non-terminal download states","status":"passed","title":"ignores non-terminal download states","duration":1.5293000000001484,"failureMessages":[],"meta":{}},{"ancestorTitles":["NativeNotificationService"],"fullName":"NativeNotificationService deduplicates terminal events and allows a new retry lifecycle","status":"passed","title":"deduplicates terminal events and allows a new retry lifecycle","duration":2.13169999999991,"failureMessages":[],"meta":{}},{"ancestorTitles":["NativeNotificationService"],"fullName":"NativeNotificationService notifies scheduled triggers once per schedule and trigger count","status":"passed","title":"notifies scheduled triggers once per schedule and trigger count","duration":1.3813000000000102,"failureMessages":[],"meta":{}},{"ancestorTitles":["NativeNotificationService"],"fullName":"NativeNotificationService uses scheduled video title and thumbnail when available","status":"passed","title":"uses scheduled video title and thumbnail when available","duration":59.063100000000304,"failureMessages":[],"meta":{}},{"ancestorTitles":["NativeNotificationService"],"fullName":"NativeNotificationService handles unsupported notifications gracefully","status":"passed","title":"handles unsupported notifications gracefully","duration":4.204499999999825,"failureMessages":[],"meta":{}},{"ancestorTitles":["NativeNotificationService"],"fullName":"NativeNotificationService handles constructor errors without propagating them","status":"passed","title":"handles constructor errors without propagating them","duration":8.509799999999814,"failureMessages":[],"meta":{}}],"startTime":1787261028379,"endTime":1787261028796.5098,"status":"passed","message":"","name":"D:/Remon-Download/electron/services/nativeNotificationService.test.ts"},{"assertionResults":[{"ancestorTitles":["NativeSchedulerService","initialization"],"fullName":"NativeSchedulerService initialization should load scheduler from file on initialize()","status":"passed","title":"should load scheduler from file on initialize()","duration":13.251499999999396,"failureMessages":[],"meta":{}},{"ancestorTitles":["NativeSchedulerService","initialization"],"fullName":"NativeSchedulerService initialization should start with empty array if file does not exist","status":"passed","title":"should start with empty array if file does not exist","duration":0.8905000000004293,"failureMessages":[],"meta":{}},{"ancestorTitles":["NativeSchedulerService","initialization"],"fullName":"NativeSchedulerService initialization should handle file read errors by propagating","status":"passed","title":"should handle file read errors by propagating","duration":6.8432999999995445,"failureMessages":[],"meta":{}},{"ancestorTitles":["NativeSchedulerService","initialization"],"fullName":"NativeSchedulerService initialization should fall back to empty array for legacy/corrupted (non-object) JSON","status":"passed","title":"should fall back to empty array for legacy/corrupted (non-object) JSON","duration":2.0843000000004395,"failureMessages":[],"meta":{}},{"ancestorTitles":["NativeSchedulerService","initialization"],"fullName":"NativeSchedulerService initialization should normalize items with unknown status to \"scheduled\"","status":"passed","title":"should normalize items with unknown status to \"scheduled\"","duration":1.655999999999949,"failureMessages":[],"meta":{}},{"ancestorTitles":["NativeSchedulerService","initialization"],"fullName":"NativeSchedulerService initialization should be idempotent — calling initialize() twice reads file only once","status":"passed","title":"should be idempotent — calling initialize() twice reads file only once","duration":1.136899999999514,"failureMessages":[],"meta":{}},{"ancestorTitles":["NativeSchedulerService","initialization"],"fullName":"NativeSchedulerService initialization should lazy-initialize on first getAll() without explicit initialize()","status":"passed","title":"should lazy-initialize on first getAll() without explicit initialize()","duration":1.1102000000000771,"failureMessages":[],"meta":{}},{"ancestorTitles":["NativeSchedulerService","getAll"],"fullName":"NativeSchedulerService getAll should return all scheduled items","status":"passed","title":"should return all scheduled items","duration":1.216099999999642,"failureMessages":[],"meta":{}},{"ancestorTitles":["NativeSchedulerService","getAll"],"fullName":"NativeSchedulerService getAll should return a copy of items array (not the same reference)","status":"passed","title":"should return a copy of items array (not the same reference)","duration":2.00420000000031,"failureMessages":[],"meta":{}},{"ancestorTitles":["NativeSchedulerService","create"],"fullName":"NativeSchedulerService create should create a new scheduled item and persist to file","status":"passed","title":"should create a new scheduled item and persist to file","duration":7.432499999999891,"failureMessages":[],"meta":{}},{"ancestorTitles":["NativeSchedulerService","create"],"fullName":"NativeSchedulerService create should add new item to beginning of list","status":"passed","title":"should add new item to beginning of list","duration":4.169300000000476,"failureMessages":[],"meta":{}},{"ancestorTitles":["NativeSchedulerService","create"],"fullName":"NativeSchedulerService create should persist exactly once per create call","status":"passed","title":"should persist exactly once per create call","duration":0.7470000000002983,"failureMessages":[],"meta":{}},{"ancestorTitles":["NativeSchedulerService","create"],"fullName":"NativeSchedulerService create should trigger due scheduled downloads automatically","status":"passed","title":"should trigger due scheduled downloads automatically","duration":19.792499999999563,"failureMessages":[],"meta":{}},{"ancestorTitles":["NativeSchedulerService","update"],"fullName":"NativeSchedulerService update should update existing item and persist to file","status":"passed","title":"should update existing item and persist to file","duration":9.654999999999745,"failureMessages":[],"meta":{}},{"ancestorTitles":["NativeSchedulerService","update"],"fullName":"NativeSchedulerService update should persist exactly once per update call","status":"passed","title":"should persist exactly once per update call","duration":1.1630000000004657,"failureMessages":[],"meta":{}},{"ancestorTitles":["NativeSchedulerService","cancel"],"fullName":"NativeSchedulerService cancel should cancel item and persist to file","status":"passed","title":"should cancel item and persist to file","duration":2.194100000000617,"failureMessages":[],"meta":{}},{"ancestorTitles":["NativeSchedulerService","cancel"],"fullName":"NativeSchedulerService cancel should throw if item not found","status":"passed","title":"should throw if item not found","duration":1.2502000000004045,"failureMessages":[],"meta":{}},{"ancestorTitles":["NativeSchedulerService","cancel"],"fullName":"NativeSchedulerService cancel should persist exactly once per cancel call","status":"passed","title":"should persist exactly once per cancel call","duration":1.1005000000004657,"failureMessages":[],"meta":{}},{"ancestorTitles":["NativeSchedulerService","remove"],"fullName":"NativeSchedulerService remove should remove item by id and persist to file","status":"passed","title":"should remove item by id and persist to file","duration":2.0070000000005166,"failureMessages":[],"meta":{}},{"ancestorTitles":["NativeSchedulerService","remove"],"fullName":"NativeSchedulerService remove should return id even if item does not exist (no-op remove)","status":"passed","title":"should return id even if item does not exist (no-op remove)","duration":0.8379999999997381,"failureMessages":[],"meta":{}},{"ancestorTitles":["NativeSchedulerService","remove"],"fullName":"NativeSchedulerService remove should persist exactly once per remove call","status":"passed","title":"should persist exactly once per remove call","duration":4.103699999999662,"failureMessages":[],"meta":{}}],"startTime":1787261033900,"endTime":1787261033988.1038,"status":"passed","message":"","name":"D:/Remon-Download/electron/services/nativeSchedulerService.test.ts"},{"assertionResults":[{"ancestorTitles":["NativeSettingsService","initialization"],"fullName":"NativeSettingsService initialization should load settings from file on initialize()","status":"passed","title":"should load settings from file on initialize()","duration":8.993399999999383,"failureMessages":[],"meta":{}},{"ancestorTitles":["NativeSettingsService","initialization"],"fullName":"NativeSettingsService initialization should start with DEFAULT_SETTINGS if file does not exist","status":"passed","title":"should start with DEFAULT_SETTINGS if file does not exist","duration":1.608100000000377,"failureMessages":[],"meta":{}},{"ancestorTitles":["NativeSettingsService","initialization"],"fullName":"NativeSettingsService initialization should merge missing keys from DEFAULT_SETTINGS (handles new settings added in upgrades)","status":"passed","title":"should merge missing keys from DEFAULT_SETTINGS (handles new settings added in upgrades)","duration":1.1534999999994398,"failureMessages":[],"meta":{}},{"ancestorTitles":["NativeSettingsService","initialization"],"fullName":"NativeSettingsService initialization should fall back to DEFAULT_SETTINGS for corrupted/non-object JSON","status":"passed","title":"should fall back to DEFAULT_SETTINGS for corrupted/non-object JSON","duration":0.9684000000006563,"failureMessages":[],"meta":{}},{"ancestorTitles":["NativeSettingsService","initialization"],"fullName":"NativeSettingsService initialization should handle file read errors by propagating","status":"passed","title":"should handle file read errors by propagating","duration":3.3881000000001222,"failureMessages":[],"meta":{}},{"ancestorTitles":["NativeSettingsService","initialization"],"fullName":"NativeSettingsService initialization should be idempotent — calling initialize() twice reads file only once","status":"passed","title":"should be idempotent — calling initialize() twice reads file only once","duration":0.9219000000002779,"failureMessages":[],"meta":{}},{"ancestorTitles":["NativeSettingsService","initialization"],"fullName":"NativeSettingsService initialization should lazy-initialize on first get() without explicit initialize()","status":"passed","title":"should lazy-initialize on first get() without explicit initialize()","duration":0.629399999999805,"failureMessages":[],"meta":{}},{"ancestorTitles":["NativeSettingsService","get"],"fullName":"NativeSettingsService get should return current settings","status":"passed","title":"should return current settings","duration":0.49120000000039,"failureMessages":[],"meta":{}},{"ancestorTitles":["NativeSettingsService","get"],"fullName":"NativeSettingsService get should return a copy (not the same object reference)","status":"passed","title":"should return a copy (not the same object reference)","duration":1.5659999999998035,"failureMessages":[],"meta":{}},{"ancestorTitles":["NativeSettingsService","update"],"fullName":"NativeSettingsService update should apply a partial patch and persist","status":"passed","title":"should apply a partial patch and persist","duration":8.884500000000116,"failureMessages":[],"meta":{}},{"ancestorTitles":["NativeSettingsService","update"],"fullName":"NativeSettingsService update should accumulate multiple patches","status":"passed","title":"should accumulate multiple patches","duration":1.034599999999955,"failureMessages":[],"meta":{}},{"ancestorTitles":["NativeSettingsService","update"],"fullName":"
[...]
ingsService","duration":0.9455000000007203,"failureMessages":[],"meta":{}},{"ancestorTitles":["serviceResolver","Electron mode (electronAPI present)"],"fullName":"serviceResolver Electron mode (electronAPI present) resolveMetadataService returns ElectronMetadataService","status":"passed","title":"resolveMetadataService returns ElectronMetadataService","duration":1.8906999999999243,"failureMessages":[],"meta":{}},{"ancestorTitles":["serviceResolver","Electron mode (electronAPI present)"],"fullName":"serviceResolver Electron mode (electronAPI present) resolveDownloadService returns ElectronDownloadService in Electron mode","status":"passed","title":"resolveDownloadService returns ElectronDownloadService in Electron mode","duration":2.584000000000742,"failureMessages":[],"meta":{}},{"ancestorTitles":["serviceResolver","Electron mode (electronAPI present)"],"fullName":"serviceResolver Electron mode (electronAPI present) resolveHistoryService returns ElectronHistoryService","status":"passed","title":"resolveHistoryService returns ElectronHistoryService","duration":4.09230000000025,"failureMessages":[],"meta":{}},{"ancestorTitles":["serviceResolver","Electron mode (electronAPI present)"],"fullName":"serviceResolver Electron mode (electronAPI present) resolveFavoritesService returns ElectronFavoritesService","status":"passed","title":"resolveFavoritesService returns ElectronFavoritesService","duration":1.7317000000002736,"failureMessages":[],"meta":{}},{"ancestorTitles":["serviceResolver","Electron mode (electronAPI present)"],"fullName":"serviceResolver Electron mode (electronAPI present) resolveSchedulerService returns ElectronSchedulerService","status":"passed","title":"resolveSchedulerService returns ElectronSchedulerService","duration":1.8832000000002154,"failureMessages":[],"meta":{}},{"ancestorTitles":["serviceResolver","Electron mode (electronAPI present)"],"fullName":"serviceResolver Electron mode (electronAPI present) resolveSettingsService returns ElectronSettingsService in Electron mode","status":"passed","title":"resolveSettingsService returns ElectronSettingsService in Electron mode","duration":2.5510000000003856,"failureMessages":[],"meta":{}},{"ancestorTitles":["serviceResolver","singleton caching"],"fullName":"serviceResolver singleton caching returns the same instance on repeated calls","status":"passed","title":"returns the same instance on repeated calls","duration":0.4503000000004249,"failureMessages":[],"meta":{}},{"ancestorTitles":["serviceResolver","singleton caching"],"fullName":"serviceResolver singleton caching returns a new instance after _resetServiceCache","status":"passed","title":"returns a new instance after _resetServiceCache","duration":2.311999999999898,"failureMessages":[],"meta":{}},{"ancestorTitles":["serviceResolver","Electron queue transitions"],"fullName":"serviceResolver Electron queue transitions accepts authoritative background start state from Main Process","status":"passed","title":"accepts authoritative background start state from Main Process","duration":6.36409999999978,"failureMessages":[],"meta":{}},{"ancestorTitles":["serviceResolver","Electron queue transitions"],"fullName":"serviceResolver Electron queue transitions moves a started download out of analyzing immediately in the UI","status":"passed","title":"moves a started download out of analyzing immediately in the UI","duration":5.604900000000271,"failureMessages":[],"meta":{}},{"ancestorTitles":["serviceResolver","Electron queue transitions"],"fullName":"serviceResolver Electron queue transitions does not issue duplicate start requests when queued items are reprocessed before state refresh","status":"passed","title":"does not issue duplicate start requests when queued items are reprocessed before state refresh","duration":1.726699999999255,"failureMessages":[],"meta":{}},{"ancestorTitles":["serviceResolver","test injection helpers"],"fullName":"serviceResolver test injection helpers _injectMetadataService overrides the cached instance","status":"passed","title":"_injectMetadataService overrides the cached instance","duration":0.9209000000000742,"failureMessages":[],"meta":{}},{"ancestorTitles":["serviceResolver","test injection helpers"],"fullName":"serviceResolver test injection helpers _injectDownloadService overrides the cached instance","status":"passed","title":"_injectDownloadService overrides the cached instance","duration":0.6024999999999636,"failureMessages":[],"meta":{}},{"ancestorTitles":["serviceResolver","test injection helpers"],"fullName":"serviceResolver test injection helpers _injectHistoryService overrides the cached instance","status":"passed","title":"_injectHistoryService overrides the cached instance","duration":0.699800000000323,"failureMessages":[],"meta":{}},{"ancestorTitles":["serviceResolver","test injection helpers"],"fullName":"serviceResolver test injection helpers _injectFavoritesService overrides the cached instance","status":"passed","title":"_injectFavoritesService overrides the cached instance","duration":0.6990999999998166,"failureMessages":[],"meta":{}},{"ancestorTitles":["serviceResolver","test injection helpers"],"fullName":"serviceResolver test injection helpers _injectSchedulerService overrides the cached instance","status":"passed","title":"_injectSchedulerService overrides the cached instance","duration":0.6221000000005006,"failureMessages":[],"meta":{}},{"ancestorTitles":["serviceResolver","test injection helpers"],"fullName":"serviceResolver test injection helpers _injectSettingsService overrides the cached instance","status":"passed","title":"_injectSettingsService overrides the cached instance","duration":0.5191999999997279,"failureMessages":[],"meta":{}},{"ancestorTitles":["serviceResolver","Electron adapter shape validation"],"fullName":"serviceResolver Electron adapter shape validation ElectronMetadataService has an analyze method","status":"passed","title":"ElectronMetadataService has an analyze method","duration":0.6484000000000378,"failureMessages":[],"meta":{}},{"ancestorTitles":["serviceResolver","Electron adapter shape validation"],"fullName":"serviceResolver Electron adapter shape validation ElectronHistoryService has getAll, add, addFromDownload, remove, clear, failNext","status":"passed","title":"ElectronHistoryService has getAll, add, addFromDownload, remove, clear, failNext","duration":3.84479999999985,"failureMessages":[],"meta":{}},{"ancestorTitles":["serviceResolver","Electron adapter shape validation"],"fullName":"serviceResolver Electron adapter shape validation ElectronFavoritesService has getAll, add, remove, isFavorite, clear, failNext","status":"passed","title":"ElectronFavoritesService has getAll, add, remove, isFavorite, clear, failNext","duration":1.0935000000008586,"failureMessages":[],"meta":{}},{"ancestorTitles":["serviceResolver","Electron adapter shape validation"],"fullName":"serviceResolver Electron adapter shape validation ElectronSchedulerService has getAll, create, update, cancel, remove, tick, clear, failNext","status":"passed","title":"ElectronSchedulerService has getAll, create, update, cancel, remove, tick, clear, failNext","duration":1.4627000000000407,"failureMessages":[],"meta":{}},{"ancestorTitles":["serviceResolver","Electron adapter shape validation"],"fullName":"serviceResolver Electron adapter shape validation ElectronSchedulerService.tick delegates to the Electron scheduler IPC","status":"passed","title":"ElectronSchedulerService.tick delegates to the Electron scheduler IPC","duration":4.51929999999993,"failureMessages":[],"meta":{}}],"startTime":1787261033060,"endTime":1787261033126.5193,"status":"passed","message":"","name":"D:/Remon-Download/src/services/serviceResolver.test.ts"},{"assertionResults":[{"ancestorTitles":["LocalStorageSettingsService"],"fullName":"LocalStorageSettingsService returns defaults when no settings are stored","status":"passed","title":"returns defaults when no settings are stored","duration":4.259399999999914,"failureMessages":[],"meta":{}},{"ancestorTitles":["LocalStorageSettingsService"],"fullName":"LocalStorageSettingsService persists updates to localStorage","status":"passed","title":"persists updates to localStorage","duration":10.464399999999841,"failureMessages":[],"meta":{}},{"ancestorTitles":["LocalStorageSettingsService"],"fullName":"LocalStorageSettingsService recovers from corrupt stored settings","status":"passed","title":"recovers from corrupt stored settings","duration":1.5853000000006432,"failureMessages":[],"meta":{}},{"ancestorTitles":["LocalStorageSettingsService"],"fullName":"LocalStorageSettingsService resets settings to defaults","status":"passed","title":"resets settings to defaults","duration":2.037199999999757,"failureMessages":[],"meta":{}}],"startTime":1787261087072,"endTime":1787261087091.037,"status":"passed","message":"","name":"D:/Remon-Download/src/services/settingsService.test.ts"},{"assertionResults":[{"ancestorTitles":["useDevToolsStore"],"fullName":"useDevToolsStore stores the SPEC-defined Dev Tools state","status":"passed","title":"stores the SPEC-defined Dev Tools state","duration":6.749899999999798,"failureMessages":[],"meta":{}},{"ancestorTitles":["useDevToolsStore"],"fullName":"useDevToolsStore supports only the SPEC-defined mock scenarios","status":"passed","title":"supports only the SPEC-defined mock scenarios","duration":2.7325000000000728,"failureMessages":[],"meta":{}},{"ancestorTitles":["useDevToolsStore"],"fullName":"useDevToolsStore normalizes invalid simulation speeds without changing queue state","status":"passed","title":"normalizes invalid simulation speeds without changing queue state","duration":1.5438999999996668,"failureMessages":[],"meta":{}},{"ancestorTitles":["useDevToolsStore"],"fullName":"useDevToolsStore toggles and resets panel state","status":"passed","title":"toggles and resets panel state","duration":1.3955000000005384,"failureMessages":[],"meta":{}}],"startTime":1787261091844,"endTime":1787261091857.3955,"status":"passed","message":"","name":"D:/Remon-Download/src/stores/devToolsStore.test.ts"},{"assertionResults":[{"ancestorTitles":["useFavoritesStore"],"fullName":"useFavoritesStore loads favorites from the service","status":"passed","title":"loads favorites from the service","duration":413.66389999999956,"failureMessages":[],"meta":{}},{"ancestorTitles":["useFavoritesStore"],"fullName":"useFavoritesStore adds, checks, and removes a favorite","status":"passed","title":"adds, checks, and removes a favorite","duration":514.2941000000001,"failureMessages":[],"meta":{}},{"ancestorTitles":["useFavoritesStore"],"fullName":"useFavoritesStore downloads a favorite into the queue without starting it","status":"passed","title":"downloads a favorite into the queue without starting it","duration":267.6819999999998,"failureMessages":[],"meta":{}},{"ancestorTitles":["useFavoritesStore"],"fullName":"useFavoritesStore maps service errors into store error state","status":"passed","title":"maps service errors into store error state","duration":266.15440000000035,"failureMessages":[],"meta":{}},{"ancestorTitles":["useFavoritesStore"],"fullName":"useFavoritesStore reports missing download items","status":"passed","title":"reports missing download items","duration":133.91569999999956,"failureMessages":[],"meta":{}}],"startTime":1787261081936,"endTime":1787261083531.9158,"status":"passed","message":"","name":"D:/Remon-Download/src/stores/favoritesStore.test.ts"},{"assertionResults":[{"ancestorTitles":["useHistoryStore"],"fullName":"useHistoryStore loads history items from the service","status":"passed","title":"loads history items from the service","duration":410.6437999999998,"failureMessages":[],"meta":{}},{"ancestorTitles":["useHistoryStore"],"fullName":"useHistoryStore adds completed, failed, and canceled downloads","status":"passed","title":"adds completed, failed, and canceled downloads","duration":525.2751000000007,"failureMessages":[],"meta":{}},{"ancestorTitles":["useHistoryStore"],"fullName":"useHistoryStore removes and clears history items","status":"passed","title":"removes and clears history items","duration":666.2645000000002,"failureMessages":[],"meta":{}},{"ancestorTitles":["useHistoryStore"],"fullName":"useHistoryStore re-downloads a history item into the queue without starting it","status":"passed","title":"re-downloads a history item into the queue without starting it","duration":271.59790000000066,"failureMessages":[],"meta":{}},{"ancestorTitles":["useHistoryStore"],"fullName":"useHistoryStore maps service errors into store error state","status":"passed","title":"maps service errors into store error state","duration":260.6984999999995,"failureMessages":[],"meta":{}},{"ancestorTitles":["useHistoryStore"],"fullName":"useHistoryStore reports missing re-download and open-folder items","status":"passed","title":"reports missing re-download and open-folder items","duration":133.21429999999964,"failureMessages":[],"meta":{}}],"startTime":1787261061176,"endTime":1787261063444.2144,"status":"passed","message":"","name":"D:/Remon-Download/src/stores/historyStore.test.ts"},{"assertionResults":[{"ancestorTitles":["useMetadataStore"],"fullName":"useMetadataStore prevents double analyze while a request is active","status":"passed","title":"prevents double analyze while a request is active","duration":371.19939999999997,"failureMessages":[],"meta":{}}],"startTime":1787261097519,"endTime":1787261097890.1995,"status":"passed","message":"","name":"D:/Remon-Download/src/stores/metadataStore.test.ts"},{"assertionResults":[{"ancestorTitles":["useQueueStore"],"fullName":"useQueueStore propagates progress updates from the download service to the queue store","status":"passed","title":"propagates progress updates from the download service to the queue store","duration":287.47339999999986,"failureMessages":[],"meta":{}},{"ancestorTitles":["useQueueStore"],"fullName":"useQueueStore adds metadata to the queue without starting download","status":"passed","title":"adds metadata to the queue without starting download","duration":65.27350000000024,"failureMessages":[],"meta":{}},{"ancestorTitles":["useQueueStore"],"fullName":"useQueueStore runs a complete mocked lifecycle","status":"passed","title":"runs a complete mocked lifecycle","duration":61.660499999999956,"failureMessages":[],"meta":{}},{"ancestorTitles":["useQueueStore"],"fullName":"useQueueStore limits concurrent active downloads","status":"passed","title":"limits concurrent active downloads","duration":60.8762999999999,"failureMessages":[],"meta":{}},{"ancestorTitles":["useQueueStore"],"fullName":"useQueueStore pauses, resumes, cancels, retries, and removes items","status":"passed","title":"pauses, resumes, cancels, retries, and removes items","duration":62.10080000000016,"failureMessages":[],"meta":{}},{"ancestorTitles":["useQueueStore"],"fullName":"useQueueStore records mock error scenarios","status":"passed","title":"records mock error scenarios","duration":60.23880000000008,"failureMessages":[],"meta":{}},{"ancestorTitles":["useQueueStore"],"fullName":"useQueueStore reorders items and updates order values","status":"passed","title":"reorders items and updates order values","duration":59.979599999999664,"failureMessages":[],"meta":{}}],"startTime":1787261046784,"endTime":1787261047441.9795,"status":"passed","message":"","name":"D:/Remon-Download/src/stores/queueStore.test.ts"},{"assertionResults":[{"ancestorTitles":["useSchedulerStore"],"fullName":"useSchedulerStore creates and loads scheduled downloads","status":"passed","title":"creates and loads scheduled downloads","duration":398.2644,"failureMessages":[],"meta":{}},{"ancestorTitles":["useSchedulerStore"],"fullName":"useSchedulerStore triggers due schedules into the queue without starting them","status":"passed","title":"triggers due schedules into the queue without starting them","duration":638.1211000000003,"failureMessages":[],"meta":{}},{"ancestorTitles":["useSchedulerStore"],"fullName":"useSchedulerStore adds a once-only scheduled item to the queue only once even if tick is called repeatedly","status":"passed","title":"adds a once-only scheduled item to the queue only once even if tick is called repeatedly","duration":610.9201000000003,"failureMessages":[],"meta":{}},{"ancestorTitles":["useSchedulerStore"],"fullName":"useSchedulerStore ignores overlapping tick calls so a due item is not added to the queue multiple times","status":"passed","title":"ignores overlapping tick calls so a due item is not added to the queue multiple times","duration":632.6311999999998,"failureMessages":[],"meta":{}},{"ancestorTitles":["useSchedulerStore"],"fullName":"useSchedulerStore updates, cancels, and removes schedules","status":"passed","title":"updates, cancels, and removes schedules","duration":669.2357999999995,"failureMessages":[],"meta":{}},{"ancestorTitles":["useSchedulerStore"],"fullName":"useSchedulerStore maps service errors into store error state","status":"passed","title":"maps service errors into store error state","duration":261.02399999999943,"failureMessages":[],"meta":{}}],"startTime":1787261061639,"endTime":1787261064850.024,"status":"passed","message":"","name":"D:/Remon-Download/src/stores/schedulerStore.test.ts"},{"assertionResults":[{"ancestorTitles":["useSettingsStore"],"fullName":"useSettingsStore updates settings through the service and applies language direction","status":"passed","title":"updates settings through the service and applies language direction","duration":29.938000000000102,"failureMessages":[],"meta":{}},{"ancestorTitles":["useSettingsStore"],"fullName":"useSettingsStore resets settings and document preferences","status":"passed","title":"resets settings and document preferences","duration":5.441600000000108,"failureMessages":[],"meta":{}},{"ancestorTitles":["useSettingsStore"],"fullName":"useSettingsStore reloads recovered defaults after corrupt localStorage data","status":"passed","title":"reloads recovered defaults after corrupt localStorage data","duration":2.477600000000166,"failureMessages":[],"meta":{}}],"startTime":1787261089305,"endTime":1787261089342.4775,"status":"passed","message":"","name":"D:/Remon-Download/src/stores/settingsStore.test.ts"},{"assertionResults":[{"ancestorTitles":["state machine"],"fullName":"state machine allows every specified transition","status":"passed","title":"allows every specified transition","duration":7.332300000000032,"failureMessages":[],"meta":{}},{"ancestorTitles":["state machine"],"fullName":"state machine forbids every unspecified transition","status":"passed","title":"forbids every unspecified transition","duration":5.2929000000003725,"failureMessages":[],"meta":{}}],"startTime":1787261093716,"endTime":1787261093728.293,"status":"passed","message":"","name":"D:/Remon-Download/src/utils/stateMachine.test.ts"},{"assertionResults":[{"ancestorTitles":["quickAddSchema"],"fullName":"quickAddSchema rejects empty URLs","status":"passed","title":"rejects empty URLs","duration":7.1887000000001535,"failureMessages":[],"meta":{}},{"ancestorTitles":["quickAddSchema"],"fullName":"quickAddSchema rejects invalid URLs","status":"passed","title":"rejects invalid URLs","duration":1.6676000000002205,"failureMessages":[],"meta":{}},{"ancestorTitles":["quickAddSchema"],"fullName":"quickAddSchema accepts valid URL syntax","status":"passed","title":"accepts valid URL syntax","duration":2.4465000000000146,"failureMessages":[],"meta":{}},{"ancestorTitles":["isYouTubeUrl"],"fullName":"isYouTubeUrl detects supported YouTube hosts","status":"passed","title":"detects supported YouTube hosts","duration":2.7952000000000226,"failureMessages":[],"meta":{}},{"ancestorTitles":["isYouTubeUrl"],"fullName":"isYouTubeUrl rejects non-YouTube hosts","status":"passed","title":"rejects non-YouTube hosts","duration":1.172399999999925,"failureMessages":[],"meta":{}}],"startTime":1787261097130,"endTime":1787261097147.1724,"status":"passed","message":"","name":"D:/Remon-Download/src/utils/urlValidation.test.ts"}]}